<?xml version="1.0" encoding="UTF-8"?>
<testsuite name="com.deni.web.patterns.frequency.counter.DoubleOfArrayTest" tests="4" skipped="0" failures="0" errors="0" timestamp="2020-07-19T13:28:45" hostname="Denis-Air" time="0.022">
  <properties/>
  <testcase name="givenSecondArrayNotHaveInputsWithDoubleTheFirst_ShouldReturnFalse_WhenUsingIsDouble()" classname="com.deni.web.patterns.frequency.counter.DoubleOfArrayTest" time="0.016"/>
  <testcase name="givenArraySizeDoesntMatch_ShouldReturnFalse_WhenUsingIsDouble()" classname="com.deni.web.patterns.frequency.counter.DoubleOfArrayTest" time="0.001"/>
  <testcase name="givenInputsAreEmptyArrays_ShouldReturnTrue_WhenUsingIsDouble()" classname="com.deni.web.patterns.frequency.counter.DoubleOfArrayTest" time="0.0"/>
  <testcase name="givenSecondArrayHasInputsWithDoubleTheFirst_ShouldReturnTrue_WhenUsingIsDouble()" classname="com.deni.web.patterns.frequency.counter.DoubleOfArrayTest" time="0.002"/>
  <system-out><![CDATA[]]></system-out>
  <system-err><![CDATA[]]></system-err>
</testsuite>
